{"/home/runner/work/yarnitt/yarnitt/backend/src/controllers/auth.ts": {"path":"/home/runner/work/yarnitt/yarnitt/backend/src/controllers/auth.ts","statementMap":{"0":{"start":{"line":14,"column":0},"end":{"line":14,"column":7}},"1":{"start":{"line":3,"column":0},"end":{"line":3,"column":38}},"2":{"start":{"line":4,"column":0},"end":{"line":4,"column":65}},"3":{"start":{"line":7,"column":20},"end":{"line":7,"column":48}},"4":{"start":{"line":15,"column":2},"end":{"line":85,"column":3}},"5":{"start":{"line":16,"column":38},"end":{"line":16,"column":46}},"6":{"start":{"line":19,"column":4},"end":{"line":22,"column":5}},"7":{"start":{"line":20,"column":6},"end":{"line":20,"column":73}},"8":{"start":{"line":21,"column":6},"end":{"line":21,"column":13}},"9":{"start":{"line":25,"column":4},"end":{"line":28,"column":5}},"10":{"start":{"line":26,"column":6},"end":{"line":26,"column":62}},"11":{"start":{"line":27,"column":6},"end":{"line":27,"column":13}},"12":{"start":{"line":31,"column":4},"end":{"line":34,"column":5}},"13":{"start":{"line":32,"column":6},"end":{"line":32,"column":85}},"14":{"start":{"line":33,"column":6},"end":{"line":33,"column":13}},"15":{"start":{"line":37,"column":25},"end":{"line":37,"column":75}},"16":{"start":{"line":38,"column":4},"end":{"line":41,"column":5}},"17":{"start":{"line":39,"column":6},"end":{"line":39,"column":77}},"18":{"start":{"line":40,"column":6},"end":{"line":40,"column":13}},"19":{"start":{"line":44,"column":17},"end":{"line":47,"column":6}},"20":{"start":{"line":50,"column":4},"end":{"line":50,"column":37}},"21":{"start":{"line":53,"column":4},"end":{"line":53,"column":22}},"22":{"start":{"line":56,"column":25},"end":{"line":59,"column":6}},"23":{"start":{"line":61,"column":24},"end":{"line":61,"column":53}},"24":{"start":{"line":62,"column":25},"end":{"line":62,"column":55}},"25":{"start":{"line":65,"column":4},"end":{"line":75,"column":7}},"26":{"start":{"line":78,"column":4},"end":{"line":81,"column":5}},"27":{"start":{"line":79,"column":6},"end":{"line":79,"column":77}},"28":{"start":{"line":80,"column":6},"end":{"line":80,"column":13}},"29":{"start":{"line":83,"column":4},"end":{"line":83,"column":48}},"30":{"start":{"line":84,"column":4},"end":{"line":84,"column":61}}},"fnMap":{"0":{"name":"register","decl":{"start":{"line":14,"column":22},"end":{"line":14,"column":30}},"loc":{"start":{"line":14,"column":58},"end":{"line":86,"column":1}}}},"branchMap":{"0":{"loc":{"start":{"line":19,"column":4},"end":{"line":22,"column":5}},"type":"if","locations":[{"start":{"line":19,"column":4},"end":{"line":22,"column":5}},{"start":{},"end":{}}]},"1":{"loc":{"start":{"line":19,"column":8},"end":{"line":19,"column":27}},"type":"binary-expr","locations":[{"start":{"line":19,"column":8},"end":{"line":19,"column":14}},{"start":{"line":19,"column":18},"end":{"line":19,"column":27}}]},"2":{"loc":{"start":{"line":25,"column":4},"end":{"line":28,"column":5}},"type":"if","locations":[{"start":{"line":25,"column":4},"end":{"line":28,"column":5}},{"start":{},"end":{}}]},"3":{"loc":{"start":{"line":31,"column":4},"end":{"line":34,"column":5}},"type":"if","locations":[{"start":{"line":31,"column":4},"end":{"line":34,"column":5}},{"start":{},"end":{}}]},"4":{"loc":{"start":{"line":38,"column":4},"end":{"line":41,"column":5}},"type":"if","locations":[{"start":{"line":38,"column":4},"end":{"line":41,"column":5}},{"start":{},"end":{}}]},"5":{"loc":{"start":{"line":46,"column":12},"end":{"line":46,"column":29}},"type":"binary-expr","locations":[{"start":{"line":46,"column":12},"end":{"line":46,"column":16}},{"start":{"line":46,"column":20},"end":{"line":46,"column":29}}]},"6":{"loc":{"start":{"line":78,"column":4},"end":{"line":81,"column":5}},"type":"if","locations":[{"start":{"line":78,"column":4},"end":{"line":81,"column":5}},{"start":{},"end":{}}]}},"s":{"0":1,"1":1,"2":1,"3":1,"4":0,"5":0,"6":0,"7":0,"8":0,"9":0,"10":0,"11":0,"12":0,"13":0,"14":0,"15":0,"16":0,"17":0,"18":0,"19":0,"20":0,"21":0,"22":0,"23":0,"24":0,"25":0,"26":0,"27":0,"28":0,"29":0,"30":0},"f":{"0":0},"b":{"0":[0,0],"1":[0,0],"2":[0,0],"3":[0,0],"4":[0,0],"5":[0,0],"6":[0,0]}}
,"/home/runner/work/yarnitt/yarnitt/backend/src/models/User.ts": {"path":"/home/runner/work/yarnitt/yarnitt/backend/src/models/User.ts","statementMap":{"0":{"start":{"line":1,"column":0},"end":{"line":1,"column":54}},"1":{"start":{"line":2,"column":0},"end":{"line":2,"column":30}},"2":{"start":{"line":13,"column":19},"end":{"line":33,"column":2}},"3":{"start":{"line":36,"column":0},"end":{"line":39,"column":2}},"4":{"start":{"line":37,"column":21},"end":{"line":37,"column":23}},"5":{"start":{"line":38,"column":2},"end":{"line":38,"column":62}},"6":{"start":{"line":42,"column":0},"end":{"line":44,"column":2}},"7":{"start":{"line":43,"column":2},"end":{"line":43,"column":59}},"8":{"start":{"line":46,"column":13},"end":{"line":46,"column":62}}},"fnMap":{"0":{"name":"(anonymous_10)","decl":{"start":{"line":36,"column":33},"end":{"line":36,"column":38}},"loc":{"start":{"line":36,"column":65},"end":{"line":39,"column":1}}},"1":{"name":"(anonymous_11)","decl":{"start":{"line":42,"column":36},"end":{"line":42,"column":41}},"loc":{"start":{"line":42,"column":68},"end":{"line":44,"column":1}}}},"branchMap":{},"s":{"0":1,"1":1,"2":1,"3":1,"4":0,"5":0,"6":1,"7":0,"8":1},"f":{"0":0,"1":0},"b":{}}
,"/home/runner/work/yarnitt/yarnitt/backend/src/routes/auth.ts": {"path":"/home/runner/work/yarnitt/yarnitt/backend/src/routes/auth.ts","statementMap":{"0":{"start":{"line":1,"column":0},"end":{"line":1,"column":33}},"1":{"start":{"line":2,"column":0},"end":{"line":2,"column":47}},"2":{"start":{"line":4,"column":15},"end":{"line":4,"column":23}},"3":{"start":{"line":7,"column":0},"end":{"line":7,"column":35}},"4":{"start":{"line":9,"column":0},"end":{"line":9,"column":22}}},"fnMap":{},"branchMap":{},"s":{"0":1,"1":1,"2":1,"3":1,"4":1},"f":{},"b":{}}
,"/home/runner/work/yarnitt/yarnitt/backend/src/utils/jwt.ts": {"path":"/home/runner/work/yarnitt/yarnitt/backend/src/utils/jwt.ts","statementMap":{"0":{"start":{"line":15,"column":0},"end":{"line":15,"column":16}},"1":{"start":{"line":24,"column":0},"end":{"line":24,"column":16}},"2":{"start":{"line":33,"column":0},"end":{"line":33,"column":16}},"3":{"start":{"line":1,"column":0},"end":{"line":1,"column":31}},"4":{"start":{"line":3,"column":19},"end":{"line":3,"column":71}},"5":{"start":{"line":4,"column":25},"end":{"line":4,"column":62}},"6":{"start":{"line":5,"column":26},"end":{"line":5,"column":63}},"7":{"start":{"line":16,"column":2},"end":{"line":18,"column":24}},"8":{"start":{"line":25,"column":2},"end":{"line":27,"column":24}},"9":{"start":{"line":34,"column":2},"end":{"line":34,"column":55}}},"fnMap":{"0":{"name":"signAccessToken","decl":{"start":{"line":15,"column":16},"end":{"line":15,"column":31}},"loc":{"start":{"line":15,"column":53},"end":{"line":19,"column":1}}},"1":{"name":"signRefreshToken","decl":{"start":{"line":24,"column":16},"end":{"line":24,"column":32}},"loc":{"start":{"line":24,"column":54},"end":{"line":28,"column":1}}},"2":{"name":"verifyToken","decl":{"start":{"line":33,"column":16},"end":{"line":33,"column":27}},"loc":{"start":{"line":33,"column":41},"end":{"line":35,"column":1}}}},"branchMap":{"0":{"loc":{"start":{"line":3,"column":19},"end":{"line":3,"column":71}},"type":"binary-expr","locations":[{"start":{"line":3,"column":19},"end":{"line":3,"column":41}},{"start":{"line":3,"column":45},"end":{"line":3,"column":71}}]},"1":{"loc":{"start":{"line":4,"column":25},"end":{"line":4,"column":62}},"type":"binary-expr","locations":[{"start":{"line":4,"column":25},"end":{"line":4,"column":53}},{"start":{"line":4,"column":57},"end":{"line":4,"column":62}}]},"2":{"loc":{"start":{"line":5,"column":26},"end":{"line":5,"column":63}},"type":"binary-expr","locations":[{"start":{"line":5,"column":26},"end":{"line":5,"column":55}},{"start":{"line":5,"column":59},"end":{"line":5,"column":63}}]}},"s":{"0":1,"1":1,"2":1,"3":1,"4":1,"5":1,"6":1,"7":0,"8":0,"9":0},"f":{"0":0,"1":0,"2":0},"b":{"0":[1,1],"1":[1,1],"2":[1,1]}}
}
