TN:
SF:src/controllers/auth.ts
FN:14,register
FNF:1
FNH:0
FNDA:0,register
DA:3,1
DA:4,1
DA:7,1
DA:14,1
DA:15,0
DA:16,0
DA:19,0
DA:20,0
DA:21,0
DA:25,0
DA:26,0
DA:27,0
DA:31,0
DA:32,0
DA:33,0
DA:37,0
DA:38,0
DA:39,0
DA:40,0
DA:44,0
DA:50,0
DA:53,0
DA:56,0
DA:61,0
DA:62,0
DA:65,0
DA:78,0
DA:79,0
DA:80,0
DA:83,0
DA:84,0
LF:31
LH:4
BRDA:19,0,0,0
BRDA:19,0,1,0
BRDA:19,1,0,0
BRDA:19,1,1,0
BRDA:25,2,0,0
BRDA:25,2,1,0
BRDA:31,3,0,0
BRDA:31,3,1,0
BRDA:38,4,0,0
BRDA:38,4,1,0
BRDA:46,5,0,0
BRDA:46,5,1,0
BRDA:78,6,0,0
BRDA:78,6,1,0
BRF:14
BRH:0
end_of_record
TN:
SF:src/models/User.ts
FN:36,(anonymous_10)
FN:42,(anonymous_11)
FNF:2
FNH:0
FNDA:0,(anonymous_10)
FNDA:0,(anonymous_11)
DA:1,1
DA:2,1
DA:13,1
DA:36,1
DA:37,0
DA:38,0
DA:42,1
DA:43,0
DA:46,1
LF:9
LH:6
BRF:0
BRH:0
end_of_record
TN:
SF:src/routes/auth.ts
FNF:0
FNH:0
DA:1,1
DA:2,1
DA:4,1
DA:7,1
DA:9,1
LF:5
LH:5
BRF:0
BRH:0
end_of_record
TN:
SF:src/utils/jwt.ts
FN:15,signAccessToken
FN:24,signRefreshToken
FN:33,verifyToken
FNF:3
FNH:0
FNDA:0,signAccessToken
FNDA:0,signRefreshToken
FNDA:0,verifyToken
DA:1,1
DA:3,1
DA:4,1
DA:5,1
DA:15,1
DA:16,0
DA:24,1
DA:25,0
DA:33,1
DA:34,0
LF:10
LH:7
BRDA:3,0,0,1
BRDA:3,0,1,1
BRDA:4,1,0,1
BRDA:4,1,1,1
BRDA:5,2,0,1
BRDA:5,2,1,1
BRF:6
BRH:6
end_of_record
